\BOOKMARK [0][-]{chapter*.2}{\376\377\000A\000C\000K\000N\000O\000W\000L\000E\000D\000G\000E\000M\000E\000N\000T\000S}{}% 1
\BOOKMARK [0][-]{toc.0}{\376\377\000T\000A\000B\000L\000E\000\040\000O\000F\000\040\000C\000O\000N\000T\000E\000N\000T\000S}{}% 2
\BOOKMARK [0][-]{section*.3}{\376\377\000L\000I\000S\000T\000\040\000O\000F\000\040\000F\000I\000G\000U\000R\000E\000S}{}% 3
\BOOKMARK [0][-]{section*.4}{\376\377\000L\000I\000S\000T\000\040\000O\000F\000\040\000T\000A\000B\000L\000E\000S}{}% 4
\BOOKMARK [0][-]{chapter*.6}{\376\377\000A\000B\000S\000T\000R\000A\000C\000T}{}% 5
\BOOKMARK [0][-]{chapter*.8}{\376\377\000R\000E\000S\000U\000M\000E\000N}{}% 6
\BOOKMARK [0][-]{chapter.1}{\376\377\0001\000.\000\040\000I\000N\000T\000R\000O\000D\000U\000C\000T\000I\000O\000N}{}% 7
\BOOKMARK [0][-]{chapter.2}{\376\377\0002\000.\000\040\000C\000H\000A\000P\000T\000E\000R\000\040\0001}{}% 8
\BOOKMARK [1][-]{section.2.1}{\376\377\0002\000.\0001\000.\000\040\000F\000i\000r\000s\000t\000\040\000S\000e\000c\000t\000i\000o\000n\000\040}{chapter.2}% 9
\BOOKMARK [2][-]{subsection.2.1.1}{\376\377\0002\000.\0001\000.\0001\000.\000\040\000F\000i\000r\000s\000t\000\040\000S\000u\000b\000S\000e\000c\000t\000i\000o\000n\000\040}{section.2.1}% 10
\BOOKMARK [2][-]{subsection.2.1.2}{\376\377\0002\000.\0001\000.\0002\000.\000\040\000S\000e\000c\000o\000n\000d\000\040\000S\000u\000b\000S\000e\000c\000t\000i\000o\000n\000\040}{section.2.1}% 11
\BOOKMARK [1][-]{section.2.2}{\376\377\0002\000.\0002\000.\000\040\000S\000e\000c\000o\000n\000d\000\040\000S\000e\000c\000t\000i\000o\000n\000\040}{chapter.2}% 12
\BOOKMARK [0][-]{chapter.3}{\376\377\0003\000.\000\040\000C\000H\000A\000P\000T\000E\000R\000\040\0002}{}% 13
\BOOKMARK [1][-]{section.3.1}{\376\377\0003\000.\0001\000.\000\040\000F\000i\000g\000u\000r\000e\000s\000\040\000a\000n\000d\000\040\000T\000a\000b\000l\000e\000s\000\040}{chapter.3}% 14
\BOOKMARK [1][-]{section.3.2}{\376\377\0003\000.\0002\000.\000\040\000E\000q\000u\000a\000t\000i\000o\000n\000s\000\040}{chapter.3}% 15
\BOOKMARK [0][-]{chapter.4}{\376\377\0004\000.\000\040\000C\000O\000N\000C\000L\000U\000S\000I\000O\000N\000S}{}% 16
\BOOKMARK [0][-]{chapter*.11}{\376\377\000R\000E\000F\000E\000R\000E\000N\000C\000E\000S}{}% 17
\BOOKMARK [0][-]{appendix*.12}{\376\377\000A\000P\000P\000E\000N\000D\000I\000X}{}% 18
\BOOKMARK [1][-]{section.Alph0.1}{\376\377\000A\000.\000\040\000F\000i\000r\000s\000t\000\040\000A\000p\000p\000e\000n\000d\000i\000x}{appendix*.12}% 19
\BOOKMARK [1][-]{section.Alph0.2}{\376\377\000B\000.\000\040\000A\000n\000\040\000I\000n\000t\000e\000r\000e\000s\000t\000i\000n\000g\000\040\000S\000h\000o\000r\000t\000\040\000S\000t\000o\000r\000y}{appendix*.12}% 20
